c:\users\unique\documents\visual studio 2015\projects\sap\sap\debug\vc140.pdb
c:\users\unique\documents\visual studio 2015\projects\sap\sap\debug\vc140.idb
c:\users\unique\documents\visual studio 2015\projects\sap\sap\debug\configurableparameters.obj
c:\users\unique\documents\visual studio 2015\projects\sap\sap\debug\gamesimulator.obj
c:\users\unique\documents\visual studio 2015\projects\sap\sap\debug\gamestate.obj
c:\users\unique\documents\visual studio 2015\projects\sap\sap\debug\gamestateadapter.obj
c:\users\unique\documents\visual studio 2015\projects\sap\sap\debug\graphicsengine.obj
c:\users\unique\documents\visual studio 2015\projects\sap\sap\debug\main.obj
c:\users\unique\documents\visual studio 2015\projects\sap\sap\debug\missilelaunch.obj
c:\users\unique\documents\visual studio 2015\projects\sap\sap\debug\movableobject.obj
c:\users\unique\documents\visual studio 2015\projects\sap\sap\debug\move.obj
c:\users\unique\documents\visual studio 2015\projects\sap\sap\debug\orbitalmissile.obj
c:\users\unique\documents\visual studio 2015\projects\sap\sap\debug\orbitalmissilelaunch.obj
c:\users\unique\documents\visual studio 2015\projects\sap\sap\debug\orientation.obj
c:\users\unique\documents\visual studio 2015\projects\sap\sap\debug\playeragent.obj
c:\users\unique\documents\visual studio 2015\projects\sap\sap\debug\point2d.obj
c:\users\unique\documents\visual studio 2015\projects\sap\sap\debug\rotate.obj
c:\users\unique\documents\visual studio 2015\projects\sap\sap\debug\test_agentlogic.obj
c:\users\unique\documents\visual studio 2015\projects\sap\sap\debug\weaponindentifier.obj
c:\users\unique\documents\visual studio 2015\projects\sap\sap\debug\sap.res
c:\users\unique\documents\visual studio 2015\projects\sap\debug\sap.pdb
c:\users\unique\documents\visual studio 2015\projects\sap\sap\debug\sap.tlog\cl.command.1.tlog
c:\users\unique\documents\visual studio 2015\projects\sap\sap\debug\sap.tlog\cl.read.1.tlog
c:\users\unique\documents\visual studio 2015\projects\sap\sap\debug\sap.tlog\cl.write.1.tlog
c:\users\unique\documents\visual studio 2015\projects\sap\sap\debug\sap.tlog\link.648-cvtres.read.1.tlog
c:\users\unique\documents\visual studio 2015\projects\sap\sap\debug\sap.tlog\link.648-cvtres.write.1.tlog
c:\users\unique\documents\visual studio 2015\projects\sap\sap\debug\sap.tlog\link.648-rc.read.1.tlog
c:\users\unique\documents\visual studio 2015\projects\sap\sap\debug\sap.tlog\link.648-rc.write.1.tlog
c:\users\unique\documents\visual studio 2015\projects\sap\sap\debug\sap.tlog\link.648.read.1.tlog
c:\users\unique\documents\visual studio 2015\projects\sap\sap\debug\sap.tlog\link.648.write.1.tlog
c:\users\unique\documents\visual studio 2015\projects\sap\sap\debug\sap.tlog\link.command.1.tlog
c:\users\unique\documents\visual studio 2015\projects\sap\sap\debug\sap.tlog\link.read.1.tlog
c:\users\unique\documents\visual studio 2015\projects\sap\sap\debug\sap.tlog\link.write.1.tlog
c:\users\unique\documents\visual studio 2015\projects\sap\sap\debug\sap.tlog\rc.command.1.tlog
c:\users\unique\documents\visual studio 2015\projects\sap\sap\debug\sap.tlog\rc.read.1.tlog
c:\users\unique\documents\visual studio 2015\projects\sap\sap\debug\sap.tlog\rc.write.1.tlog
